<?xml version="1.0" encoding="UTF-8"?>
<testsuite xmlns:xsi="http://www.w3.org/2001/XMLSchema-instance" xsi:noNamespaceSchemaLocation="https://maven.apache.org/surefire/maven-surefire-plugin/xsd/surefire-test-report-3.0.xsd" version="3.0" name="com.example.runner.TestRunner" time="22.554" tests="1" errors="0" skipped="0" failures="0">
  <properties>
    <property name="java.specification.version" value="20"/>
    <property name="sun.jnu.encoding" value="UTF-8"/>
    <property name="java.class.path" value="/Users/jevgenijs.greibo/Desktop/BTA_TASK/selenide-cucumber-project/target/test-classes:/Users/jevgenijs.greibo/Desktop/BTA_TASK/selenide-cucumber-project/target/classes:/Users/jevgenijs.greibo/.m2/repository/com/codeborne/selenide/5.23.3/selenide-5.23.3.jar:/Users/jevgenijs.greibo/.m2/repository/org/seleniumhq/selenium/selenium-java/3.141.59/selenium-java-3.141.59.jar:/Users/jevgenijs.greibo/.m2/repository/org/seleniumhq/selenium/selenium-api/3.141.59/selenium-api-3.141.59.jar:/Users/jevgenijs.greibo/.m2/repository/org/seleniumhq/selenium/selenium-chrome-driver/3.141.59/selenium-chrome-driver-3.141.59.jar:/Users/jevgenijs.greibo/.m2/repository/org/seleniumhq/selenium/selenium-edge-driver/3.141.59/selenium-edge-driver-3.141.59.jar:/Users/jevgenijs.greibo/.m2/repository/org/seleniumhq/selenium/selenium-firefox-driver/3.141.59/selenium-firefox-driver-3.141.59.jar:/Users/jevgenijs.greibo/.m2/repository/org/seleniumhq/selenium/selenium-ie-driver/3.141.59/selenium-ie-driver-3.141.59.jar:/Users/jevgenijs.greibo/.m2/repository/org/seleniumhq/selenium/selenium-opera-driver/3.141.59/selenium-opera-driver-3.141.59.jar:/Users/jevgenijs.greibo/.m2/repository/org/seleniumhq/selenium/selenium-remote-driver/3.141.59/selenium-remote-driver-3.141.59.jar:/Users/jevgenijs.greibo/.m2/repository/org/seleniumhq/selenium/selenium-safari-driver/3.141.59/selenium-safari-driver-3.141.59.jar:/Users/jevgenijs.greibo/.m2/repository/org/seleniumhq/selenium/selenium-support/3.141.59/selenium-support-3.141.59.jar:/Users/jevgenijs.greibo/.m2/repository/net/bytebuddy/byte-buddy/1.8.15/byte-buddy-1.8.15.jar:/Users/jevgenijs.greibo/.m2/repository/org/apache/commons/commons-exec/1.3/commons-exec-1.3.jar:/Users/jevgenijs.greibo/.m2/repository/com/squareup/okhttp3/okhttp/3.11.0/okhttp-3.11.0.jar:/Users/jevgenijs.greibo/.m2/repository/com/squareup/okio/okio/1.14.0/okio-1.14.0.jar:/Users/jevgenijs.greibo/.m2/repository/io/github/bonigarcia/webdrivermanager/4.4.3/webdrivermanager-4.4.3.jar:/Users/jevgenijs.greibo/.m2/repository/commons-io/commons-io/2.8.0/commons-io-2.8.0.jar:/Users/jevgenijs.greibo/.m2/repository/com/google/code/gson/gson/2.8.6/gson-2.8.6.jar:/Users/jevgenijs.greibo/.m2/repository/org/apache/commons/commons-lang3/3.12.0/commons-lang3-3.12.0.jar:/Users/jevgenijs.greibo/.m2/repository/org/jsoup/jsoup/1.13.1/jsoup-1.13.1.jar:/Users/jevgenijs.greibo/.m2/repository/org/rauschig/jarchivelib/1.2.0/jarchivelib-1.2.0.jar:/Users/jevgenijs.greibo/.m2/repository/org/apache/commons/commons-compress/1.21/commons-compress-1.21.jar:/Users/jevgenijs.greibo/.m2/repository/org/apache/httpcomponents/client5/httpclient5/5.1/httpclient5-5.1.jar:/Users/jevgenijs.greibo/.m2/repository/org/apache/httpcomponents/core5/httpcore5/5.1.1/httpcore5-5.1.1.jar:/Users/jevgenijs.greibo/.m2/repository/org/apache/httpcomponents/core5/httpcore5-h2/5.1.1/httpcore5-h2-5.1.1.jar:/Users/jevgenijs.greibo/.m2/repository/commons-codec/commons-codec/1.15/commons-codec-1.15.jar:/Users/jevgenijs.greibo/.m2/repository/com/google/guava/guava/30.1.1-jre/guava-30.1.1-jre.jar:/Users/jevgenijs.greibo/.m2/repository/com/google/guava/failureaccess/1.0.1/failureaccess-1.0.1.jar:/Users/jevgenijs.greibo/.m2/repository/com/google/guava/listenablefuture/9999.0-empty-to-avoid-conflict-with-guava/listenablefuture-9999.0-empty-to-avoid-conflict-with-guava.jar:/Users/jevgenijs.greibo/.m2/repository/com/google/code/findbugs/jsr305/3.0.2/jsr305-3.0.2.jar:/Users/jevgenijs.greibo/.m2/repository/org/checkerframework/checker-qual/3.8.0/checker-qual-3.8.0.jar:/Users/jevgenijs.greibo/.m2/repository/com/google/errorprone/error_prone_annotations/2.5.1/error_prone_annotations-2.5.1.jar:/Users/jevgenijs.greibo/.m2/repository/com/google/j2objc/j2objc-annotations/1.3/j2objc-annotations-1.3.jar:/Users/jevgenijs.greibo/.m2/repository/org/slf4j/slf4j-api/1.7.32/slf4j-api-1.7.32.jar:/Users/jevgenijs.greibo/.m2/repository/io/cucumber/cucumber-java/6.11.0/cucumber-java-6.11.0.jar:/Users/jevgenijs.greibo/.m2/repository/io/cucumber/cucumber-core/6.11.0/cucumber-core-6.11.0.jar:/Users/jevgenijs.greibo/.m2/repository/io/cucumber/cucumber-gherkin/6.11.0/cucumber-gherkin-6.11.0.jar:/Users/jevgenijs.greibo/.m2/repository/io/cucumber/cucumber-gherkin-messages/6.11.0/cucumber-gherkin-messages-6.11.0.jar:/Users/jevgenijs.greibo/.m2/repository/io/cucumber/messages/15.0.0/messages-15.0.0.jar:/Users/jevgenijs.greibo/.m2/repository/io/cucumber/tag-expressions/3.0.1/tag-expressions-3.0.1.jar:/Users/jevgenijs.greibo/.m2/repository/io/cucumber/cucumber-expressions/10.3.0/cucumber-expressions-10.3.0.jar:/Users/jevgenijs.greibo/.m2/repository/io/cucumber/datatable/3.5.0/datatable-3.5.0.jar:/Users/jevgenijs.greibo/.m2/repository/io/cucumber/cucumber-plugin/6.11.0/cucumber-plugin-6.11.0.jar:/Users/jevgenijs.greibo/.m2/repository/io/cucumber/docstring/6.11.0/docstring-6.11.0.jar:/Users/jevgenijs.greibo/.m2/repository/io/cucumber/html-formatter/13.0.0/html-formatter-13.0.0.jar:/Users/jevgenijs.greibo/.m2/repository/io/cucumber/create-meta/4.0.0/create-meta-4.0.0.jar:/Users/jevgenijs.greibo/.m2/repository/org/apiguardian/apiguardian-api/1.1.2/apiguardian-api-1.1.2.jar:/Users/jevgenijs.greibo/.m2/repository/io/cucumber/cucumber-junit/6.11.0/cucumber-junit-6.11.0.jar:/Users/jevgenijs.greibo/.m2/repository/junit/junit/4.13.2/junit-4.13.2.jar:/Users/jevgenijs.greibo/.m2/repository/org/hamcrest/hamcrest-core/1.3/hamcrest-core-1.3.jar:"/>
    <property name="java.vm.vendor" value="Oracle Corporation"/>
    <property name="sun.arch.data.model" value="64"/>
    <property name="java.vendor.url" value="https://java.oracle.com/"/>
    <property name="os.name" value="Mac OS X"/>
    <property name="java.vm.specification.version" value="20"/>
    <property name="sun.java.launcher" value="SUN_STANDARD"/>
    <property name="user.country" value="GB"/>
    <property name="sun.boot.library.path" value="/Users/jevgenijs.greibo/Library/Java/JavaVirtualMachines/openjdk-20.0.2/Contents/Home/lib"/>
    <property name="sun.java.command" value="/Users/jevgenijs.greibo/Desktop/BTA_TASK/selenide-cucumber-project/target/surefire/surefirebooter-20230725233614060_3.jar /Users/jevgenijs.greibo/Desktop/BTA_TASK/selenide-cucumber-project/target/surefire 2023-07-25T23-36-13_561-jvmRun1 surefire-20230725233614060_1tmp surefire_0-20230725233614060_2tmp"/>
    <property name="http.nonProxyHosts" value="local|*.local|169.254/16|*.169.254/16"/>
    <property name="jdk.debug" value="release"/>
    <property name="surefire.test.class.path" value="/Users/jevgenijs.greibo/Desktop/BTA_TASK/selenide-cucumber-project/target/test-classes:/Users/jevgenijs.greibo/Desktop/BTA_TASK/selenide-cucumber-project/target/classes:/Users/jevgenijs.greibo/.m2/repository/com/codeborne/selenide/5.23.3/selenide-5.23.3.jar:/Users/jevgenijs.greibo/.m2/repository/org/seleniumhq/selenium/selenium-java/3.141.59/selenium-java-3.141.59.jar:/Users/jevgenijs.greibo/.m2/repository/org/seleniumhq/selenium/selenium-api/3.141.59/selenium-api-3.141.59.jar:/Users/jevgenijs.greibo/.m2/repository/org/seleniumhq/selenium/selenium-chrome-driver/3.141.59/selenium-chrome-driver-3.141.59.jar:/Users/jevgenijs.greibo/.m2/repository/org/seleniumhq/selenium/selenium-edge-driver/3.141.59/selenium-edge-driver-3.141.59.jar:/Users/jevgenijs.greibo/.m2/repository/org/seleniumhq/selenium/selenium-firefox-driver/3.141.59/selenium-firefox-driver-3.141.59.jar:/Users/jevgenijs.greibo/.m2/repository/org/seleniumhq/selenium/selenium-ie-driver/3.141.59/selenium-ie-driver-3.141.59.jar:/Users/jevgenijs.greibo/.m2/repository/org/seleniumhq/selenium/selenium-opera-driver/3.141.59/selenium-opera-driver-3.141.59.jar:/Users/jevgenijs.greibo/.m2/repository/org/seleniumhq/selenium/selenium-remote-driver/3.141.59/selenium-remote-driver-3.141.59.jar:/Users/jevgenijs.greibo/.m2/repository/org/seleniumhq/selenium/selenium-safari-driver/3.141.59/selenium-safari-driver-3.141.59.jar:/Users/jevgenijs.greibo/.m2/repository/org/seleniumhq/selenium/selenium-support/3.141.59/selenium-support-3.141.59.jar:/Users/jevgenijs.greibo/.m2/repository/net/bytebuddy/byte-buddy/1.8.15/byte-buddy-1.8.15.jar:/Users/jevgenijs.greibo/.m2/repository/org/apache/commons/commons-exec/1.3/commons-exec-1.3.jar:/Users/jevgenijs.greibo/.m2/repository/com/squareup/okhttp3/okhttp/3.11.0/okhttp-3.11.0.jar:/Users/jevgenijs.greibo/.m2/repository/com/squareup/okio/okio/1.14.0/okio-1.14.0.jar:/Users/jevgenijs.greibo/.m2/repository/io/github/bonigarcia/webdrivermanager/4.4.3/webdrivermanager-4.4.3.jar:/Users/jevgenijs.greibo/.m2/repository/commons-io/commons-io/2.8.0/commons-io-2.8.0.jar:/Users/jevgenijs.greibo/.m2/repository/com/google/code/gson/gson/2.8.6/gson-2.8.6.jar:/Users/jevgenijs.greibo/.m2/repository/org/apache/commons/commons-lang3/3.12.0/commons-lang3-3.12.0.jar:/Users/jevgenijs.greibo/.m2/repository/org/jsoup/jsoup/1.13.1/jsoup-1.13.1.jar:/Users/jevgenijs.greibo/.m2/repository/org/rauschig/jarchivelib/1.2.0/jarchivelib-1.2.0.jar:/Users/jevgenijs.greibo/.m2/repository/org/apache/commons/commons-compress/1.21/commons-compress-1.21.jar:/Users/jevgenijs.greibo/.m2/repository/org/apache/httpcomponents/client5/httpclient5/5.1/httpclient5-5.1.jar:/Users/jevgenijs.greibo/.m2/repository/org/apache/httpcomponents/core5/httpcore5/5.1.1/httpcore5-5.1.1.jar:/Users/jevgenijs.greibo/.m2/repository/org/apache/httpcomponents/core5/httpcore5-h2/5.1.1/httpcore5-h2-5.1.1.jar:/Users/jevgenijs.greibo/.m2/repository/commons-codec/commons-codec/1.15/commons-codec-1.15.jar:/Users/jevgenijs.greibo/.m2/repository/com/google/guava/guava/30.1.1-jre/guava-30.1.1-jre.jar:/Users/jevgenijs.greibo/.m2/repository/com/google/guava/failureaccess/1.0.1/failureaccess-1.0.1.jar:/Users/jevgenijs.greibo/.m2/repository/com/google/guava/listenablefuture/9999.0-empty-to-avoid-conflict-with-guava/listenablefuture-9999.0-empty-to-avoid-conflict-with-guava.jar:/Users/jevgenijs.greibo/.m2/repository/com/google/code/findbugs/jsr305/3.0.2/jsr305-3.0.2.jar:/Users/jevgenijs.greibo/.m2/repository/org/checkerframework/checker-qual/3.8.0/checker-qual-3.8.0.jar:/Users/jevgenijs.greibo/.m2/repository/com/google/errorprone/error_prone_annotations/2.5.1/error_prone_annotations-2.5.1.jar:/Users/jevgenijs.greibo/.m2/repository/com/google/j2objc/j2objc-annotations/1.3/j2objc-annotations-1.3.jar:/Users/jevgenijs.greibo/.m2/repository/org/slf4j/slf4j-api/1.7.32/slf4j-api-1.7.32.jar:/Users/jevgenijs.greibo/.m2/repository/io/cucumber/cucumber-java/6.11.0/cucumber-java-6.11.0.jar:/Users/jevgenijs.greibo/.m2/repository/io/cucumber/cucumber-core/6.11.0/cucumber-core-6.11.0.jar:/Users/jevgenijs.greibo/.m2/repository/io/cucumber/cucumber-gherkin/6.11.0/cucumber-gherkin-6.11.0.jar:/Users/jevgenijs.greibo/.m2/repository/io/cucumber/cucumber-gherkin-messages/6.11.0/cucumber-gherkin-messages-6.11.0.jar:/Users/jevgenijs.greibo/.m2/repository/io/cucumber/messages/15.0.0/messages-15.0.0.jar:/Users/jevgenijs.greibo/.m2/repository/io/cucumber/tag-expressions/3.0.1/tag-expressions-3.0.1.jar:/Users/jevgenijs.greibo/.m2/repository/io/cucumber/cucumber-expressions/10.3.0/cucumber-expressions-10.3.0.jar:/Users/jevgenijs.greibo/.m2/repository/io/cucumber/datatable/3.5.0/datatable-3.5.0.jar:/Users/jevgenijs.greibo/.m2/repository/io/cucumber/cucumber-plugin/6.11.0/cucumber-plugin-6.11.0.jar:/Users/jevgenijs.greibo/.m2/repository/io/cucumber/docstring/6.11.0/docstring-6.11.0.jar:/Users/jevgenijs.greibo/.m2/repository/io/cucumber/html-formatter/13.0.0/html-formatter-13.0.0.jar:/Users/jevgenijs.greibo/.m2/repository/io/cucumber/create-meta/4.0.0/create-meta-4.0.0.jar:/Users/jevgenijs.greibo/.m2/repository/org/apiguardian/apiguardian-api/1.1.2/apiguardian-api-1.1.2.jar:/Users/jevgenijs.greibo/.m2/repository/io/cucumber/cucumber-junit/6.11.0/cucumber-junit-6.11.0.jar:/Users/jevgenijs.greibo/.m2/repository/junit/junit/4.13.2/junit-4.13.2.jar:/Users/jevgenijs.greibo/.m2/repository/org/hamcrest/hamcrest-core/1.3/hamcrest-core-1.3.jar:"/>
    <property name="sun.cpu.endian" value="little"/>
    <property name="user.home" value="/Users/jevgenijs.greibo"/>
    <property name="user.language" value="en"/>
    <property name="java.specification.vendor" value="Oracle Corporation"/>
    <property name="java.version.date" value="2023-07-18"/>
    <property name="java.home" value="/Users/jevgenijs.greibo/Library/Java/JavaVirtualMachines/openjdk-20.0.2/Contents/Home"/>
    <property name="file.separator" value="/"/>
    <property name="basedir" value="/Users/jevgenijs.greibo/Desktop/BTA_TASK/selenide-cucumber-project"/>
    <property name="java.vm.compressedOopsMode" value="Zero based"/>
    <property name="line.separator" value="&#10;"/>
    <property name="java.vm.specification.vendor" value="Oracle Corporation"/>
    <property name="java.specification.name" value="Java Platform API Specification"/>
    <property name="apple.awt.application.name" value="ForkedBooter"/>
    <property name="surefire.real.class.path" value="/Users/jevgenijs.greibo/Desktop/BTA_TASK/selenide-cucumber-project/target/surefire/surefirebooter-20230725233614060_3.jar"/>
    <property name="sun.management.compiler" value="HotSpot 64-Bit Tiered Compilers"/>
    <property name="ftp.nonProxyHosts" value="local|*.local|169.254/16|*.169.254/16"/>
    <property name="java.runtime.version" value="20.0.2+9-78"/>
    <property name="user.name" value="jevgenijs.greibo"/>
    <property name="stdout.encoding" value="UTF-8"/>
    <property name="path.separator" value=":"/>
    <property name="os.version" value="13.4"/>
    <property name="java.runtime.name" value="OpenJDK Runtime Environment"/>
    <property name="file.encoding" value="UTF-8"/>
    <property name="java.vm.name" value="OpenJDK 64-Bit Server VM"/>
    <property name="localRepository" value="/Users/jevgenijs.greibo/.m2/repository"/>
    <property name="java.vendor.url.bug" value="https://bugreport.java.com/bugreport/"/>
    <property name="java.io.tmpdir" value="/var/folders/0v/8tf6xy3n5dj_5x83d8s28q840000gp/T/"/>
    <property name="java.version" value="20.0.2"/>
    <property name="user.dir" value="/Users/jevgenijs.greibo/Desktop/BTA_TASK/selenide-cucumber-project"/>
    <property name="os.arch" value="x86_64"/>
    <property name="java.vm.specification.name" value="Java Virtual Machine Specification"/>
    <property name="native.encoding" value="UTF-8"/>
    <property name="java.library.path" value="/Users/jevgenijs.greibo/Library/Java/Extensions:/Library/Java/Extensions:/Network/Library/Java/Extensions:/System/Library/Java/Extensions:/usr/lib/java:."/>
    <property name="java.vm.info" value="mixed mode, sharing"/>
    <property name="stderr.encoding" value="UTF-8"/>
    <property name="java.vendor" value="Oracle Corporation"/>
    <property name="java.vm.version" value="20.0.2+9-78"/>
    <property name="sun.io.unicode.encoding" value="UnicodeBig"/>
    <property name="socksNonProxyHosts" value="local|*.local|169.254/16|*.169.254/16"/>
    <property name="java.class.version" value="64.0"/>
  </properties>
  <testcase name="Open Google Website" classname="Selenide Test" time="22.004">
    <system-out><![CDATA[
Scenario: Open Google Website                                   &amp#27;[90m# src/test/resources/features/bta.feature:2&amp#27;[0m
  &amp#27;[32mGiven &amp#27;[0m&amp#27;[32mI open the BTA website&amp#27;[0m                                  &amp#27;[90m# com.example.stepDefinitions.StepDefinitons.i_open_the_bta_website()&amp#27;[0m
  &amp#27;[32mAnd &amp#27;[0m&amp#27;[32mAccept cookies&amp#27;[0m                                            &amp#27;[90m# com.example.stepDefinitions.StepDefinitons.acceptCookies()&amp#27;[0m
  &amp#27;[32mAnd &amp#27;[0m&amp#27;[32mI click to the travel insurance&amp#27;[0m                           &amp#27;[90m# com.example.stepDefinitions.StepDefinitons.iClickToTheTravelInsurance()&amp#27;[0m
  &amp#27;[32mAnd &amp#27;[0m&amp#27;[32mI change the country to India&amp#27;[0m                             &amp#27;[90m# com.example.stepDefinitions.StepDefinitons.iChangeTheCountryToIndia()&amp#27;[0m
  &amp#27;[32mThen &amp#27;[0m&amp#27;[32mI Validate that the travel point was changed&amp#27;[0m             &amp#27;[90m# com.example.stepDefinitions.StepDefinitons.iValidateThatTheTravelPointWasChanged()&amp#27;[0m
  &amp#27;[32mAnd &amp#27;[0m&amp#27;[32mI change the activity&amp#27;[0m                                     &amp#27;[90m# com.example.stepDefinitions.StepDefinitons.iChangeTheActivity()&amp#27;[0m
  &amp#27;[32mThen &amp#27;[0m&amp#27;[32mI validate that activity is Sports&amp#27;[0m                       &amp#27;[90m# com.example.stepDefinitions.StepDefinitons.iValidateThatActivityIsSports()&amp#27;[0m
  &amp#27;[32mAnd &amp#27;[0m&amp#27;[32mI go to the second step&amp#27;[0m                                   &amp#27;[90m# com.example.stepDefinitions.StepDefinitons.iGoToTheSecondStep()&amp#27;[0m
  &amp#27;[32mAnd &amp#27;[0m&amp#27;[32mI check what is covered in Optimal+&amp#27;[0m                       &amp#27;[90m# com.example.stepDefinitions.StepDefinitons.iCheckWhatIsCoveredInOptimal()&amp#27;[0m
  &amp#27;[32mAnd &amp#27;[0m&amp#27;[32mI validate that the form is open&amp#27;[0m                          &amp#27;[90m# com.example.stepDefinitions.StepDefinitons.iValidateThatTheFormIsOpen()&amp#27;[0m
  &amp#27;[32mAnd &amp#27;[0m&amp#27;[32mI close the form and go to the next step&amp#27;[0m                  &amp#27;[90m# com.example.stepDefinitions.StepDefinitons.iCloseTheFormAndGoToTheNextStep()&amp#27;[0m
  &amp#27;[32mThen &amp#27;[0m&amp#27;[32mI validate that the traveler form is displayed and empty&amp#27;[0m &amp#27;[90m# com.example.stepDefinitions.StepDefinitons.iValidateThatTheTravelerFormIsDisplayedAndEmpty()&amp#27;[0m
]]></system-out>
    <system-err><![CDATA[SLF4J: Failed to load class "org.slf4j.impl.StaticLoggerBinder".
SLF4J: Defaulting to no-operation (NOP) logger implementation
SLF4J: See http://www.slf4j.org/codes.html#StaticLoggerBinder for further details.
Starting ChromeDriver 114.0.5735.90 (386bc09e8f4f2e025eddae123f36f6263096ae49-refs/branch-heads/5735@{#1052}) on port 24575
Only local connections are allowed.
Please see https://chromedriver.chromium.org/security-considerations for suggestions on keeping ChromeDriver safe.
ChromeDriver was started successfully.
Jul 25, 2023 11:36:19 PM org.openqa.selenium.remote.ProtocolHandshake createSession
INFO: Detected dialect: W3C
]]></system-err>
  </testcase>
</testsuite>